This is pdfTeXk, Version 3.141592-1.40.3 (Web2C 7.5.6) (format=pdflatex 2013.9.18)  21 OCT 2013 13:59
entering extended mode
 %&-line parsing enabled.
**daisy.tex
(./daisy.tex
LaTeX2e <2005/12/01>
Babel <v3.8h> and hyphenation patterns for english, usenglishmax, dumylang, noh
yphenation, arabic, basque, bulgarian, coptic, welsh, czech, slovak, german, ng
erman, danish, esperanto, spanish, catalan, galician, estonian, farsi, finnish,
 french, greek, monogreek, ancientgreek, croatian, hungarian, interlingua, ibyc
us, indonesian, icelandic, italian, latin, mongolian, dutch, norsk, polish, por
tuguese, pinyin, romanian, russian, slovenian, uppersorbian, serbian, swedish, 
turkish, ukenglish, ukrainian, loaded.
(./llncs.cls
Document Class: llncs 2010/07/12 v2.17 
 LaTeX document class for Lecture Notes in Computer Science
(/usr/share/texmf/tex/latex/base/article.cls
Document Class: article 2005/09/16 v1.4f Standard LaTeX document class
(/usr/share/texmf/tex/latex/base/size10.clo
File: size10.clo 2005/09/16 v1.4f Standard LaTeX file (size option)
)
\c@part=\count79
\c@section=\count80
\c@subsection=\count81
\c@subsubsection=\count82
\c@paragraph=\count83
\c@subparagraph=\count84
\c@figure=\count85
\c@table=\count86
\abovecaptionskip=\skip41
\belowcaptionskip=\skip42
\bibindent=\dimen102
)
(/usr/share/texmf/tex/latex/tools/multicol.sty
Package: multicol 2006/05/18 v1.6g multicolumn formatting (FMi)
\c@tracingmulticols=\count87
\mult@box=\box26
\multicol@leftmargin=\dimen103
\c@unbalance=\count88
\c@collectmore=\count89
\doublecol@number=\count90
\multicoltolerance=\count91
\multicolpretolerance=\count92
\full@width=\dimen104
\page@free=\dimen105
\premulticols=\dimen106
\postmulticols=\dimen107
\multicolsep=\skip43
\multicolbaselineskip=\skip44
\partial@page=\box27
\last@line=\box28
\mult@rightbox=\box29
\mult@grightbox=\box30
\mult@gfirstbox=\box31
\mult@firstbox=\box32
\@tempa=\box33
\@tempa=\box34
\@tempa=\box35
\@tempa=\box36
\@tempa=\box37
\@tempa=\box38
\@tempa=\box39
\@tempa=\box40
\@tempa=\box41
\@tempa=\box42
\@tempa=\box43
\@tempa=\box44
\@tempa=\box45
\@tempa=\box46
\@tempa=\box47
\@tempa=\box48
\@tempa=\box49
\c@columnbadness=\count93
\c@finalcolumnbadness=\count94
\last@try=\dimen108
\multicolovershoot=\dimen109
\multicolundershoot=\dimen110
\mult@nat@firstbox=\box50
\colbreak@box=\box51
)
(/usr/share/texmf/tex/latex/oberdiek/aliascnt.sty
Package: aliascnt 2006/09/25 v1.2 Alias counter (HO)

(/usr/share/texmf/tex/latex/carlisle/remreset.sty))
\c@chapter=\count95
LaTeX Font Info:    Redeclaring math symbol \Gamma on input line 362.
LaTeX Font Info:    Redeclaring math symbol \Delta on input line 363.
LaTeX Font Info:    Redeclaring math symbol \Theta on input line 364.
LaTeX Font Info:    Redeclaring math symbol \Lambda on input line 365.
LaTeX Font Info:    Redeclaring math symbol \Xi on input line 366.
LaTeX Font Info:    Redeclaring math symbol \Pi on input line 367.
LaTeX Font Info:    Redeclaring math symbol \Sigma on input line 368.
LaTeX Font Info:    Redeclaring math symbol \Upsilon on input line 369.
LaTeX Font Info:    Redeclaring math symbol \Phi on input line 370.
LaTeX Font Info:    Redeclaring math symbol \Psi on input line 371.
LaTeX Font Info:    Redeclaring math symbol \Omega on input line 372.
\tocchpnum=\dimen111
\tocsecnum=\dimen112
\tocsectotal=\dimen113
\tocsubsecnum=\dimen114
\tocsubsectotal=\dimen115
\tocsubsubsecnum=\dimen116
\tocsubsubsectotal=\dimen117
\tocparanum=\dimen118
\tocparatotal=\dimen119
\tocsubparanum=\dimen120
\@tempcntc=\count96
\fnindent=\dimen121
\c@@inst=\count97
\c@@auth=\count98
\c@auco=\count99
\instindent=\dimen122
\authrun=\box52
\authorrunning=\toks14
\tocauthor=\toks15
\titrun=\box53
\titlerunning=\toks16
\toctitle=\toks17
\c@theorem=\count100
\c@case=\count101
\c@conjecture=\count102
\c@corollary=\count103
\c@definition=\count104
\c@example=\count105
\c@exercise=\count106
\c@lemma=\count107
\c@note=\count108
\c@problem=\count109
\c@property=\count110
\c@proposition=\count111
\c@question=\count112
\c@solution=\count113
\c@remark=\count114
\headlineindent=\dimen123
)
(/usr/share/texmf/tex/latex/paralist/paralist.sty
Package: paralist 2002/03/18 v2.3b Extended list environments (BS)
\pltopsep=\skip45
\plpartopsep=\skip46
\plitemsep=\skip47
\plparsep=\skip48
\pl@lab=\toks18
)
(/usr/share/texmf/tex/latex/base/fontenc.sty
Package: fontenc 2005/09/27 v1.99g Standard LaTeX package

(/usr/share/texmf/tex/latex/base/t1enc.def
File: t1enc.def 2005/09/27 v1.99g Standard LaTeX file
LaTeX Font Info:    Redeclaring font encoding T1 on input line 43.
))
(/usr/share/texmf/tex/latex/base/inputenc.sty
Package: inputenc 2006/05/05 v1.1b Input encoding file
\inpenc@prehook=\toks19
\inpenc@posthook=\toks20

(/usr/share/texmf/tex/latex/base/latin9.def
File: latin9.def 2006/05/05 v1.1b Input encoding file
))
(/usr/share/texmf/tex/generic/babel/babel.sty
Package: babel 2005/11/23 v3.8h The Babel package

(/usr/share/texmf/tex/generic/babel/english.ldf
Language: english 2005/03/30 v3.3o English support from the babel system

(/usr/share/texmf/tex/generic/babel/babel.def
File: babel.def 2005/11/23 v3.8h Babel common definitions
\babel@savecnt=\count115
\U@D=\dimen124
)
\l@british = a dialect from \language\l@english 
\l@UKenglish = a dialect from \language\l@english 
\l@canadian = a dialect from \language\l@american 
\l@australian = a dialect from \language\l@british 
\l@newzealand = a dialect from \language\l@british 
))
(/usr/share/texmf/tex/latex/changebar/changebar.sty
Package: changebar 2005/09/18 v3.5c Indicate changes with marginal bars
\cb@nextpoint=\count116
\cb@topleft=\count117
\cb@topright=\count118
\cb@botleft=\count119
\cb@botright=\count120
\cb@cnta=\count121
\cb@cntb=\count122
\cb@dima=\dimen125
\cb@curbarwd=\dimen126
\cb@page=\count123
\cb@pagecount=\count124
\cb@odd@left=\dimen127
\cb@odd@right=\dimen128
\cb@even@left=\dimen129
\cb@even@right=\dimen130
\cb@writexy=\write3
\cb@readxy=\read1
\openout3 = `daisy.cb2'.

\changebarwidth=\skip49
\deletebarwidth=\skip50
\changebarsep=\skip51
\c@changebargrey=\count125
\cb@write=\write4
\cb@read=\read2
\openout4 = `daisy.cb'.

)
(/usr/share/texmf/tex/latex/graphics/graphicx.sty
Package: graphicx 1999/02/16 v1.0f Enhanced LaTeX Graphics (DPC,SPQR)

(/usr/share/texmf/tex/latex/graphics/keyval.sty
Package: keyval 1999/03/16 v1.13 key=value parser (DPC)
\KV@toks@=\toks21
)
(/usr/share/texmf/tex/latex/graphics/graphics.sty
Package: graphics 2006/02/20 v1.0o Standard LaTeX Graphics (DPC,SPQR)

(/usr/share/texmf/tex/latex/graphics/trig.sty
Package: trig 1999/03/16 v1.09 sin cos tan (DPC)
)
(/usr/share/texmf/tex/latex/config/graphics.cfg
File: graphics.cfg 2007/01/18 v1.5 graphics configuration of teTeX/TeXLive
)
Package graphics Info: Driver file: pdftex.def on input line 90.

(/usr/share/texmf/tex/latex/pdftex-def/pdftex.def
File: pdftex.def 2007/01/08 v0.04d Graphics/color for pdfTeX
\Gread@gobject=\count126
))
\Gin@req@height=\dimen131
\Gin@req@width=\dimen132
)
(/usr/share/texmf/tex/latex/hyperref/hyperref.sty
Package: hyperref 2007/02/07 v6.75r Hypertext links for LaTeX
\@linkdim=\dimen133
\Hy@linkcounter=\count127
\Hy@pagecounter=\count128

(/usr/share/texmf/tex/latex/hyperref/pd1enc.def
File: pd1enc.def 2007/02/07 v6.75r Hyperref: PDFDocEncoding definition (HO)
)
(/usr/share/texmf/tex/latex/config/hyperref.cfg
File: hyperref.cfg 2002/06/06 v1.2 hyperref configuration of TeXLive
)
(/usr/share/texmf/tex/latex/oberdiek/kvoptions.sty
Package: kvoptions 2006/08/22 v2.4 Connects package keyval with LaTeX options (
HO)
)
Package hyperref Info: Option `unicode' set `true' on input line 2238.

(/usr/share/texmf/tex/latex/hyperref/puenc.def
File: puenc.def 2007/02/07 v6.75r Hyperref: PDF Unicode definition (HO)
)
Package hyperref Info: Option `pdfusetitle' set `true' on input line 2238.
Package hyperref Info: Option `bookmarks' set `true' on input line 2238.
Package hyperref Info: Option `bookmarksnumbered' set `false' on input line 223
8.
Package hyperref Info: Option `bookmarksopen' set `false' on input line 2238.
Package hyperref Info: Option `breaklinks' set `false' on input line 2238.
Package hyperref Info: Option `colorlinks' set `false' on input line 2238.
Package hyperref Info: Hyper figures OFF on input line 2288.
Package hyperref Info: Link nesting OFF on input line 2293.
Package hyperref Info: Hyper index ON on input line 2296.
Package hyperref Info: Plain pages OFF on input line 2303.
Package hyperref Info: Backreferencing OFF on input line 2308.

Implicit mode ON; LaTeX internals redefined
Package hyperref Info: Bookmarks ON on input line 2444.
(/usr/share/texmf/tex/latex/html/url.sty
Package: url 1999/03/02  ver 1.4  Verb mode for urls, email addresses, and file
 names
)
LaTeX Info: Redefining \url on input line 2599.
\Fld@menulength=\count129
\Field@Width=\dimen134
\Fld@charsize=\dimen135
\Choice@toks=\toks22
\Field@toks=\toks23
Package hyperref Info: Hyper figures OFF on input line 3102.
Package hyperref Info: Link nesting OFF on input line 3107.
Package hyperref Info: Hyper index ON on input line 3110.
Package hyperref Info: backreferencing OFF on input line 3117.
Package hyperref Info: Link coloring OFF on input line 3122.
\Hy@abspage=\count130
\c@Item=\count131
\c@Hfootnote=\count132
)
*hyperref using default driver hpdftex*
(/usr/share/texmf/tex/latex/hyperref/hpdftex.def
File: hpdftex.def 2007/02/07 v6.75r Hyperref driver for pdfTeX
\Fld@listcount=\count133
) (./daisy.aux)
\openout1 = `daisy.aux'.

LaTeX Font Info:    Checking defaults for OML/cmm/m/it on input line 23.
LaTeX Font Info:    ... okay on input line 23.
LaTeX Font Info:    Checking defaults for T1/cmr/m/n on input line 23.
LaTeX Font Info:    ... okay on input line 23.
LaTeX Font Info:    Checking defaults for OT1/cmr/m/n on input line 23.
LaTeX Font Info:    ... okay on input line 23.
LaTeX Font Info:    Checking defaults for OMS/cmsy/m/n on input line 23.
LaTeX Font Info:    ... okay on input line 23.
LaTeX Font Info:    Checking defaults for OMX/cmex/m/n on input line 23.
LaTeX Font Info:    ... okay on input line 23.
LaTeX Font Info:    Checking defaults for U/cmr/m/n on input line 23.
LaTeX Font Info:    ... okay on input line 23.
LaTeX Font Info:    Checking defaults for PD1/pdf/m/n on input line 23.
LaTeX Font Info:    ... okay on input line 23.
LaTeX Font Info:    Checking defaults for PU/pdf/m/n on input line 23.
LaTeX Font Info:    ... okay on input line 23.

(/usr/share/texmf/tex/context/base/supp-pdf.tex
[Loading MPS to PDF converter (version 2006.09.02).]
\scratchcounter=\count134
\scratchdimen=\dimen136
\scratchbox=\box54
\nofMPsegments=\count135
\nofMParguments=\count136
\MPscratchCnt=\count137
\MPscratchDim=\dimen137
\MPnumerator=\count138
\everyMPtoPDFconversion=\toks24
)
Package hyperref Info: Link coloring OFF on input line 23.
 (/usr/share/texmf/tex/latex/hyperref/nameref.sty
Package: nameref 2006/12/27 v2.28 Cross-referencing by name of section

(/usr/share/texmf/tex/latex/oberdiek/refcount.sty
Package: refcount 2006/02/20 v3.0 Data extraction from references (HO)
)
\c@section@level=\count139
)
LaTeX Info: Redefining \ref on input line 23.
LaTeX Info: Redefining \pageref on input line 23.
 (./daisy.out) (./daisy.out)
\@outlinefile=\write5
\openout5 = `daisy.out'.

LaTeX Font Info:    External font `cmex10' loaded for size
(Font)              <7> on input line 34.
LaTeX Font Info:    External font `cmex10' loaded for size
(Font)              <5> on input line 34.
[1

{/var/lib/texmf/fonts/map/pdftex/updmap/pdftex.map}]
LaTeX Font Info:    External font `cmex10' loaded for size
(Font)              <9> on input line 51.
LaTeX Font Info:    External font `cmex10' loaded for size
(Font)              <6> on input line 51.
 [2] [3] [4]
Overfull \hbox (13.06189pt too wide) in paragraph at lines 298--299
[]\T1/cmr/m/it/10 Related Terms \T1/cmr/m/n/10 is the set of all $\OML/cmm/m/it
/10 Hyponym$\T1/cmr/m/n/10 , $\OML/cmm/m/it/10 Hypernym$\T1/cmr/m/n/10 , $\OML/
cmm/m/it/10 Subclass$\T1/cmr/m/n/10 , $\OML/cmm/m/it/10 Superclass$\T1/cmr/m/n/
10 ,
 []


Overfull \hbox (11.38745pt too wide) in paragraph at lines 301--302
[]\T1/cmr/m/n/10 Repeat the same pro-cess for each $\OML/cmm/m/it/10 Hyponym$\T
1/cmr/m/n/10 , $\OML/cmm/m/it/10 Hypernym$\T1/cmr/m/n/10 , $\OML/cmm/m/it/10 Su
bclass$\T1/cmr/m/n/10 , $\OML/cmm/m/it/10 Superclass$\T1/cmr/m/n/10 ,
 []


Underfull \hbox (badness 3068) in paragraph at lines 315--315
[]\T1/cmr/m/n/10 Explained why we
 []

[5] [6]
LaTeX Font Info:    Try loading font information for OMS+cmr on input line 404.

 (/usr/share/texmf/tex/latex/base/omscmr.fd
File: omscmr.fd 1999/05/25 v2.5h Standard LaTeX font definitions
)
LaTeX Font Info:    Font shape `OMS/cmr/m/n' in size <10> not available
(Font)              Font shape `OMS/cmsy/m/n' tried instead on input line 404.
 [7]
Underfull \hbox (badness 1997) in paragraph at lines 453--453
[]\T1/cmr/m/n/10 I think we should
 []


Underfull \hbox (badness 10000) in paragraph at lines 453--453
\T1/cmr/m/n/10 show the data-
 []


Underfull \hbox (badness 10000) in paragraph at lines 453--453
\T1/cmr/m/n/10 sources schemata,
 []

[8]
Underfull \hbox (badness 10000) in paragraph at lines 490--490
[]\T1/cmr/m/n/10 added 1)re-sulted
 []


Underfull \hbox (badness 5908) in paragraph at lines 490--490
\T1/cmr/m/n/10 query, 2) tim-ings.
 []


Overfull \hbox (2.64313pt too wide) in paragraph at lines 496--504
\T1/cmr/m/n/10 Wa-ters dataset schema:[] \T1/cmr/m/n/9 uk$[]$BathingWaters( sam
-ple-Clas-si-fi-ca-tion, pre-fLa-bel, long,
 []


Overfull \hbox (8.42343pt too wide) in paragraph at lines 496--504
\T1/cmr/m/n/9 Classification, primary- Topic, ex-tend-ed-Meta-dataVer-sion, def
-i-ni-tion, la-bel)\T1/cmr/m/n/10 . The narrow-
 []


Underfull \hbox (badness 10000) in paragraph at lines 496--504

 []


Overfull \hbox (17.16077pt too wide) in paragraph at lines 514--521
[]\T1/cmr/m/n/9 uk$[]$BathingWaters(sampleClassification) $\OMS/cmsy/m/n/9 7!$ 
\T1/cmr/m/n/9 wa-ter-Body-Pres-sures(affectsGroundwater) 
 []

[9]
Underfull \hbox (badness 10000) in paragraph at lines 521--524

 []


Underfull \hbox (badness 7133) in paragraph at lines 527--527
[]\T1/cmr/m/n/10 added 1) re-sulted
 []


Underfull \hbox (badness 10000) in paragraph at lines 527--527
\T1/cmr/m/n/10 queries, 2)tim-ings.
 []

[10] [11] [12] (./daisy.bbl) [13]

Package Changebar Warning: Changebar info has changed.
(Changebar)                Rerun to get the bars right on input line 589.

(./daisy.aux) ) 
Here is how much of TeX's memory you used:
 4809 strings out of 256216
 59819 string characters out of 1917072
 127412 words of memory out of 1500000
 7991 multiletter control sequences out of 10000+200000
 14532 words of font info for 32 fonts, out of 1200000 for 2000
 645 hyphenation exceptions out of 8191
 29i,9n,26p,1695b,453s stack positions out of 5000i,500n,6000p,200000b,15000s
 </afs/inf.ed.ac.uk/user/s10/s1050796/.texlive2007/texmf-var/fon
ts/pk/ljfour/jknappen/ec/ecti0900.600pk> </afs/inf.ed.ac.uk/user/s10/s1050796/.
texlive2007/texmf-var/fonts/pk/ljfour/jknappen/ec/ecti1000.600pk> </afs/inf.ed.
ac.uk/user/s10/s1050796/.texlive2007/texmf-var/fonts/pk/ljfour/jknappen/ec/ecbx
1000.600pk> </afs/inf.ed.ac.uk/user/s10/s1050796/.texlive2007/texmf-var/fonts/p
k/ljfour/jknappen/ec/ecrm0600.600pk> </afs/inf.ed.ac.uk/user/s10/s1050796/.texl
ive2007/texmf-var/fonts/pk/ljfour/jknappen/ec/ecrm0700.600pk> </afs/inf.ed.ac.u
k/user/s10/s1050796/.texlive2007/texmf-var/fonts/pk/ljfour/jknappen/ec/ecbx1200
.600pk> </afs/inf.ed.ac.uk/user/s10/s1050796/.texlive2007/texmf-var/fonts/pk/lj
four/jknappen/ec/ecbx0900.600pk> </afs/inf.ed.ac.uk/user/s10/s1050796/.texlive2
007/texmf-var/fonts/pk/ljfour/jknappen/ec/ecrm0900.600pk> </afs/inf.ed.ac.uk/us
er/s10/s1050796/.texlive2007/texmf-var/fonts/pk/ljfour/jknappen/ec/ecrm1000.600
pk> </afs/inf.ed.ac.uk/user/s10/s1050796/.texlive2007/texmf-var/fonts/pk/ljfour
/jknappen/ec/ecbx1440.600pk></usr/share/texmf/fonts/type1/bluesky/cm/cmmi10.pfb
></usr/share/texmf/fonts/type1/bluesky/cm/cmmi7.pfb></usr/share/texmf/fonts/typ
e1/bluesky/cm/cmmi9.pfb></usr/share/texmf/fonts/type1/bluesky/cm/cmr10.pfb></us
r/share/texmf/fonts/type1/bluesky/cm/cmr7.pfb></usr/share/texmf/fonts/type1/blu
esky/cm/cmr9.pfb></usr/share/texmf/fonts/type1/bluesky/cm/cmsy10.pfb></usr/shar
e/texmf/fonts/type1/bluesky/cm/cmsy9.pfb>
Output written on daisy.pdf (13 pages, 202292 bytes).
PDF statistics:
 581 PDF objects out of 1000 (max. 8388607)
 62 named destinations out of 1000 (max. 131072)
 25 words of extra memory for PDF output out of 10000 (max. 10000000)

